<?xml version="1.0" encoding="UTF-8"?>
<!-- Generated by org.testng.reporters.JUnitXMLReporter -->
<testsuite hostname="ASDP1504_PO01976" name="Default test" tests="5" failures="0" timestamp="30 Jan 2017 11:37:20 GMT" time="3.311" errors="0">
  <testcase name="testCensor on null(com.qait.javatest.open.ExercisesTest)" time="2.413" classname="com.qait.javatest.open.ExercisesTest"/>
  <testcase name="testExceptionalHandling on null(com.qait.javatest.open.ExercisesTest)" time="0.001" classname="com.qait.javatest.open.ExercisesTest"/>
  <testcase name="testIntervals on null(com.qait.javatest.open.ExercisesTest)" time="0.003" classname="com.qait.javatest.open.ExercisesTest"/>
  <testcase name="testIsPalindrome on null(com.qait.javatest.open.ExercisesTest)" time="0.002" classname="com.qait.javatest.open.ExercisesTest"/>
  <testcase name="testPascal on null(com.qait.javatest.open.ExercisesTest)" time="0.866" classname="com.qait.javatest.open.ExercisesTest"/>
</testsuite> <!-- Default test -->
